{"D:\\Projects\\book-management-api\\app.ts": {"path":"D:\\Projects\\book-management-api\\app.ts","statementMap":{"0":{"start":{"line":1,"column":0},"end":{"line":1,"column":30}},"1":{"start":{"line":2,"column":0},"end":{"line":2,"column":28}},"2":{"start":{"line":3,"column":0},"end":{"line":3,"column":45}},"3":{"start":{"line":4,"column":0},"end":{"line":4,"column":57}},"4":{"start":{"line":5,"column":0},"end":{"line":5,"column":41}},"5":{"start":{"line":6,"column":0},"end":{"line":6,"column":40}},"6":{"start":{"line":8,"column":0},"end":{"line":8,"column":16}},"7":{"start":{"line":9,"column":12},"end":{"line":9,"column":21}},"8":{"start":{"line":10,"column":0},"end":{"line":10,"column":19}},"9":{"start":{"line":12,"column":0},"end":{"line":12,"column":24}},"10":{"start":{"line":13,"column":0},"end":{"line":13,"column":16}},"11":{"start":{"line":14,"column":0},"end":{"line":14,"column":30}},"12":{"start":{"line":15,"column":0},"end":{"line":15,"column":22}},"13":{"start":{"line":17,"column":0},"end":{"line":19,"column":3}},"14":{"start":{"line":18,"column":2},"end":{"line":18,"column":40}},"15":{"start":{"line":21,"column":0},"end":{"line":23,"column":3}},"16":{"start":{"line":22,"column":2},"end":{"line":22,"column":48}}},"fnMap":{"0":{"name":"(anonymous_1)","decl":{"start":{"line":17,"column":13},"end":{"line":17,"column":14}},"loc":{"start":{"line":17,"column":35},"end":{"line":19,"column":1}}},"1":{"name":"(anonymous_2)","decl":{"start":{"line":21,"column":17},"end":{"line":21,"column":20}},"loc":{"start":{"line":21,"column":22},"end":{"line":23,"column":1}}}},"branchMap":{},"s":{"0":1,"1":1,"2":1,"3":1,"4":1,"5":1,"6":1,"7":1,"8":1,"9":1,"10":1,"11":1,"12":1,"13":1,"14":0,"15":1,"16":1},"f":{"0":0,"1":1},"b":{}}
,"D:\\Projects\\book-management-api\\config\\environment.ts": {"path":"D:\\Projects\\book-management-api\\config\\environment.ts","statementMap":{"0":{"start":{"line":1,"column":0},"end":{"line":1,"column":28}},"1":{"start":{"line":2,"column":0},"end":{"line":2,"column":16}},"2":{"start":{"line":4,"column":13},"end":{"line":4,"column":37}},"3":{"start":{"line":6,"column":0},"end":{"line":6,"column":20}}},"fnMap":{},"branchMap":{"0":{"loc":{"start":{"line":4,"column":13},"end":{"line":4,"column":37}},"type":"binary-expr","locations":[{"start":{"line":4,"column":13},"end":{"line":4,"column":29}},{"start":{"line":4,"column":33},"end":{"line":4,"column":37}}]}},"s":{"0":1,"1":1,"2":1,"3":1},"f":{},"b":{"0":[1,0]}}
,"D:\\Projects\\book-management-api\\config\\morgan.ts": {"path":"D:\\Projects\\book-management-api\\config\\morgan.ts","statementMap":{"0":{"start":{"line":1,"column":0},"end":{"line":1,"column":28}},"1":{"start":{"line":12,"column":15},"end":{"line":12,"column":78}},"2":{"start":{"line":14,"column":13},"end":{"line":21,"column":3}},"3":{"start":{"line":17,"column":6},"end":{"line":17,"column":36}},"4":{"start":{"line":23,"column":0},"end":{"line":23,"column":22}}},"fnMap":{"0":{"name":"(anonymous_1)","decl":{"start":{"line":16,"column":11},"end":{"line":16,"column":12}},"loc":{"start":{"line":16,"column":23},"end":{"line":19,"column":5}}}},"branchMap":{},"s":{"0":1,"1":1,"2":1,"3":5,"4":1},"f":{"0":5},"b":{}}
,"D:\\Projects\\book-management-api\\controllers\\bookController.ts": {"path":"D:\\Projects\\book-management-api\\controllers\\bookController.ts","statementMap":{"0":{"start":{"line":2,"column":0},"end":{"line":2,"column":55}},"1":{"start":{"line":4,"column":27},"end":{"line":18,"column":1}},"2":{"start":{"line":9,"column":2},"end":{"line":17,"column":3}},"3":{"start":{"line":10,"column":18},"end":{"line":10,"column":40}},"4":{"start":{"line":11,"column":4},"end":{"line":13,"column":5}},"5":{"start":{"line":12,"column":6},"end":{"line":12,"column":58}},"6":{"start":{"line":14,"column":4},"end":{"line":14,"column":32}},"7":{"start":{"line":16,"column":4},"end":{"line":16,"column":14}},"8":{"start":{"line":4,"column":13},"end":{"line":4,"column":27}},"9":{"start":{"line":20,"column":27},"end":{"line":35,"column":1}},"10":{"start":{"line":25,"column":2},"end":{"line":34,"column":3}},"11":{"start":{"line":26,"column":17},"end":{"line":26,"column":58}},"12":{"start":{"line":27,"column":4},"end":{"line":30,"column":5}},"13":{"start":{"line":28,"column":6},"end":{"line":28,"column":58}},"14":{"start":{"line":29,"column":6},"end":{"line":29,"column":13}},"15":{"start":{"line":31,"column":4},"end":{"line":31,"column":31}},"16":{"start":{"line":33,"column":4},"end":{"line":33,"column":14}},"17":{"start":{"line":20,"column":13},"end":{"line":20,"column":27}},"18":{"start":{"line":37,"column":26},"end":{"line":41,"column":1}},"19":{"start":{"line":38,"column":43},"end":{"line":38,"column":51}},"20":{"start":{"line":39,"column":18},"end":{"line":39,"column":70}},"21":{"start":{"line":40,"column":2},"end":{"line":40,"column":32}},"22":{"start":{"line":37,"column":13},"end":{"line":37,"column":26}},"23":{"start":{"line":43,"column":26},"end":{"line":55,"column":1}},"24":{"start":{"line":47,"column":18},"end":{"line":47,"column":71}},"25":{"start":{"line":49,"column":2},"end":{"line":52,"column":3}},"26":{"start":{"line":50,"column":4},"end":{"line":50,"column":56}},"27":{"start":{"line":51,"column":4},"end":{"line":51,"column":11}},"28":{"start":{"line":54,"column":2},"end":{"line":54,"column":32}},"29":{"start":{"line":43,"column":13},"end":{"line":43,"column":26}},"30":{"start":{"line":57,"column":26},"end":{"line":69,"column":1}},"31":{"start":{"line":61,"column":18},"end":{"line":61,"column":55}},"32":{"start":{"line":63,"column":2},"end":{"line":66,"column":3}},"33":{"start":{"line":64,"column":4},"end":{"line":64,"column":56}},"34":{"start":{"line":65,"column":4},"end":{"line":65,"column":11}},"35":{"start":{"line":68,"column":2},"end":{"line":68,"column":65}},"36":{"start":{"line":57,"column":13},"end":{"line":57,"column":26}}},"fnMap":{"0":{"name":"(anonymous_9)","decl":{"start":{"line":4,"column":27},"end":{"line":4,"column":null}},"loc":{"start":{"line":8,"column":4},"end":{"line":18,"column":1}}},"1":{"name":"(anonymous_10)","decl":{"start":{"line":20,"column":27},"end":{"line":20,"column":32}},"loc":{"start":{"line":24,"column":19},"end":{"line":35,"column":1}}},"2":{"name":"(anonymous_11)","decl":{"start":{"line":37,"column":26},"end":{"line":37,"column":27}},"loc":{"start":{"line":37,"column":58},"end":{"line":41,"column":1}}},"3":{"name":"(anonymous_12)","decl":{"start":{"line":43,"column":26},"end":{"line":43,"column":31}},"loc":{"start":{"line":46,"column":19},"end":{"line":55,"column":1}}},"4":{"name":"(anonymous_13)","decl":{"start":{"line":57,"column":26},"end":{"line":57,"column":31}},"loc":{"start":{"line":60,"column":19},"end":{"line":69,"column":1}}}},"branchMap":{"0":{"loc":{"start":{"line":11,"column":4},"end":{"line":13,"column":5}},"type":"if","locations":[{"start":{"line":11,"column":4},"end":{"line":13,"column":5}}]},"1":{"loc":{"start":{"line":27,"column":4},"end":{"line":30,"column":5}},"type":"if","locations":[{"start":{"line":27,"column":4},"end":{"line":30,"column":5}}]},"2":{"loc":{"start":{"line":49,"column":2},"end":{"line":52,"column":3}},"type":"if","locations":[{"start":{"line":49,"column":2},"end":{"line":52,"column":3}}]},"3":{"loc":{"start":{"line":63,"column":2},"end":{"line":66,"column":3}},"type":"if","locations":[{"start":{"line":63,"column":2},"end":{"line":66,"column":3}}]}},"s":{"0":1,"1":1,"2":1,"3":1,"4":1,"5":0,"6":1,"7":0,"8":1,"9":1,"10":1,"11":1,"12":1,"13":0,"14":0,"15":1,"16":0,"17":1,"18":1,"19":1,"20":1,"21":1,"22":1,"23":1,"24":1,"25":1,"26":0,"27":0,"28":1,"29":1,"30":1,"31":1,"32":1,"33":0,"34":0,"35":1,"36":1},"f":{"0":1,"1":1,"2":1,"3":1,"4":1},"b":{"0":[0],"1":[0],"2":[0],"3":[0]}}
,"D:\\Projects\\book-management-api\\controllers\\importController.ts": {"path":"D:\\Projects\\book-management-api\\controllers\\importController.ts","statementMap":{"0":{"start":{"line":2,"column":0},"end":{"line":2,"column":28}},"1":{"start":{"line":3,"column":0},"end":{"line":3,"column":20}},"2":{"start":{"line":4,"column":0},"end":{"line":4,"column":24}},"3":{"start":{"line":5,"column":0},"end":{"line":5,"column":36}},"4":{"start":{"line":6,"column":0},"end":{"line":6,"column":58}},"5":{"start":{"line":8,"column":15},"end":{"line":8,"column":43}},"6":{"start":{"line":9,"column":13},"end":{"line":9,"column":47}},"7":{"start":{"line":11,"column":27},"end":{"line":49,"column":1}},"8":{"start":{"line":15,"column":2},"end":{"line":18,"column":3}},"9":{"start":{"line":16,"column":4},"end":{"line":16,"column":60}},"10":{"start":{"line":17,"column":4},"end":{"line":17,"column":11}},"11":{"start":{"line":20,"column":19},"end":{"line":20,"column":46}},"12":{"start":{"line":21,"column":15},"end":{"line":21,"column":49}},"13":{"start":{"line":22,"column":15},"end":{"line":22,"column":38}},"14":{"start":{"line":24,"column":24},"end":{"line":24,"column":25}},"15":{"start":{"line":25,"column":30},"end":{"line":25,"column":32}},"16":{"start":{"line":26,"column":21},"end":{"line":26,"column":23}},"17":{"start":{"line":28,"column":2},"end":{"line":42,"column":5}},"18":{"start":{"line":29,"column":43},"end":{"line":29,"column":57}},"19":{"start":{"line":31,"column":4},"end":{"line":41,"column":5}},"20":{"start":{"line":32,"column":6},"end":{"line":32,"column":55}},"21":{"start":{"line":34,"column":6},"end":{"line":39,"column":9}},"22":{"start":{"line":40,"column":6},"end":{"line":40,"column":24}},"23":{"start":{"line":45,"column":2},"end":{"line":45,"column":25}},"24":{"start":{"line":47,"column":2},"end":{"line":47,"column":26}},"25":{"start":{"line":48,"column":2},"end":{"line":48,"column":55}},"26":{"start":{"line":11,"column":13},"end":{"line":11,"column":27}}},"fnMap":{"0":{"name":"(anonymous_1)","decl":{"start":{"line":11,"column":27},"end":{"line":11,"column":32}},"loc":{"start":{"line":14,"column":19},"end":{"line":49,"column":1}}},"1":{"name":"(anonymous_2)","decl":{"start":{"line":28,"column":15},"end":{"line":28,"column":16}},"loc":{"start":{"line":28,"column":30},"end":{"line":42,"column":3}}}},"branchMap":{"0":{"loc":{"start":{"line":15,"column":2},"end":{"line":18,"column":3}},"type":"if","locations":[{"start":{"line":15,"column":2},"end":{"line":18,"column":3}}]},"1":{"loc":{"start":{"line":31,"column":4},"end":{"line":41,"column":5}},"type":"if","locations":[{"start":{"line":31,"column":4},"end":{"line":41,"column":5}},{"start":{"line":33,"column":11},"end":{"line":41,"column":5}}]},"2":{"loc":{"start":{"line":31,"column":8},"end":{"line":31,"column":57}},"type":"binary-expr","locations":[{"start":{"line":31,"column":8},"end":{"line":31,"column":14}},{"start":{"line":31,"column":18},"end":{"line":31,"column":25}},{"start":{"line":31,"column":29},"end":{"line":31,"column":57}}]}},"s":{"0":1,"1":1,"2":1,"3":1,"4":1,"5":1,"6":1,"7":1,"8":0,"9":0,"10":0,"11":0,"12":0,"13":0,"14":0,"15":0,"16":0,"17":0,"18":0,"19":0,"20":0,"21":0,"22":0,"23":0,"24":0,"25":0,"26":1},"f":{"0":0,"1":0},"b":{"0":[0],"1":[0,0],"2":[0,0,0]}}
,"D:\\Projects\\book-management-api\\middleware\\errorHandler.ts": {"path":"D:\\Projects\\book-management-api\\middleware\\errorHandler.ts","statementMap":{"0":{"start":{"line":3,"column":28},"end":{"line":11,"column":1}},"1":{"start":{"line":9,"column":2},"end":{"line":9,"column":21}},"2":{"start":{"line":10,"column":2},"end":{"line":10,"column":61}},"3":{"start":{"line":3,"column":13},"end":{"line":3,"column":28}}},"fnMap":{"0":{"name":"(anonymous_0)","decl":{"start":{"line":3,"column":28},"end":{"line":3,"column":null}},"loc":{"start":{"line":8,"column":4},"end":{"line":11,"column":1}}}},"branchMap":{},"s":{"0":1,"1":0,"2":0,"3":1},"f":{"0":0},"b":{}}
,"D:\\Projects\\book-management-api\\middleware\\logger.ts": {"path":"D:\\Projects\\book-management-api\\middleware\\logger.ts","statementMap":{"0":{"start":{"line":1,"column":0},"end":{"line":1,"column":38}},"1":{"start":{"line":3,"column":0},"end":{"line":3,"column":22}}},"fnMap":{},"branchMap":{},"s":{"0":1,"1":1},"f":{},"b":{}}
,"D:\\Projects\\book-management-api\\routes\\bookRoutes.ts": {"path":"D:\\Projects\\book-management-api\\routes\\bookRoutes.ts","statementMap":{"0":{"start":{"line":1,"column":0},"end":{"line":1,"column":30}},"1":{"start":{"line":2,"column":0},"end":{"line":2,"column":null}},"2":{"start":{"line":9,"column":0},"end":{"line":9,"column":62}},"3":{"start":{"line":10,"column":0},"end":{"line":10,"column":28}},"4":{"start":{"line":12,"column":15},"end":{"line":12,"column":31}},"5":{"start":{"line":13,"column":15},"end":{"line":13,"column":43}},"6":{"start":{"line":15,"column":0},"end":{"line":15,"column":29}},"7":{"start":{"line":16,"column":0},"end":{"line":16,"column":32}},"8":{"start":{"line":17,"column":0},"end":{"line":17,"column":29}},"9":{"start":{"line":18,"column":0},"end":{"line":18,"column":31}},"10":{"start":{"line":19,"column":0},"end":{"line":19,"column":34}},"11":{"start":{"line":22,"column":0},"end":{"line":22,"column":59}},"12":{"start":{"line":24,"column":0},"end":{"line":24,"column":22}}},"fnMap":{},"branchMap":{},"s":{"0":1,"1":1,"2":1,"3":1,"4":1,"5":1,"6":1,"7":1,"8":1,"9":1,"10":1,"11":1,"12":1},"f":{},"b":{}}
,"D:\\Projects\\book-management-api\\services\\bookService.ts": {"path":"D:\\Projects\\book-management-api\\services\\bookService.ts","statementMap":{"0":{"start":{"line":1,"column":0},"end":{"line":1,"column":36}},"1":{"start":{"line":4,"column":20},"end":{"line":65,"column":2}},"2":{"start":{"line":67,"column":24},"end":{"line":67,"column":43}},"3":{"start":{"line":67,"column":38},"end":{"line":67,"column":43}},"4":{"start":{"line":67,"column":13},"end":{"line":67,"column":24}},"5":{"start":{"line":69,"column":24},"end":{"line":69,"column":76}},"6":{"start":{"line":69,"column":40},"end":{"line":69,"column":76}},"7":{"start":{"line":69,"column":61},"end":{"line":69,"column":75}},"8":{"start":{"line":69,"column":13},"end":{"line":69,"column":24}},"9":{"start":{"line":71,"column":26},"end":{"line":79,"column":1}},"10":{"start":{"line":76,"column":24},"end":{"line":76,"column":70}},"11":{"start":{"line":77,"column":2},"end":{"line":77,"column":22}},"12":{"start":{"line":78,"column":2},"end":{"line":78,"column":17}},"13":{"start":{"line":71,"column":13},"end":{"line":71,"column":26}},"14":{"start":{"line":81,"column":26},"end":{"line":89,"column":1}},"15":{"start":{"line":85,"column":16},"end":{"line":85,"column":57}},"16":{"start":{"line":85,"column":42},"end":{"line":85,"column":56}},"17":{"start":{"line":86,"column":2},"end":{"line":86,"column":32}},"18":{"start":{"line":86,"column":20},"end":{"line":86,"column":32}},"19":{"start":{"line":87,"column":2},"end":{"line":87,"column":55}},"20":{"start":{"line":88,"column":2},"end":{"line":88,"column":22}},"21":{"start":{"line":81,"column":13},"end":{"line":81,"column":26}},"22":{"start":{"line":91,"column":26},"end":{"line":96,"column":1}},"23":{"start":{"line":92,"column":16},"end":{"line":92,"column":57}},"24":{"start":{"line":92,"column":42},"end":{"line":92,"column":56}},"25":{"start":{"line":93,"column":2},"end":{"line":93,"column":33}},"26":{"start":{"line":93,"column":20},"end":{"line":93,"column":33}},"27":{"start":{"line":94,"column":2},"end":{"line":94,"column":25}},"28":{"start":{"line":95,"column":2},"end":{"line":95,"column":14}},"29":{"start":{"line":91,"column":13},"end":{"line":91,"column":26}},"30":{"start":{"line":98,"column":31},"end":{"line":100,"column":1}},"31":{"start":{"line":99,"column":2},"end":{"line":99,"column":34}},"32":{"start":{"line":98,"column":13},"end":{"line":98,"column":31}}},"fnMap":{"0":{"name":"(anonymous_0)","decl":{"start":{"line":67,"column":24},"end":{"line":67,"column":35}},"loc":{"start":{"line":67,"column":38},"end":{"line":67,"column":43}}},"1":{"name":"(anonymous_1)","decl":{"start":{"line":69,"column":24},"end":{"line":69,"column":25}},"loc":{"start":{"line":69,"column":40},"end":{"line":69,"column":76}}},"2":{"name":"(anonymous_2)","decl":{"start":{"line":69,"column":51},"end":{"line":69,"column":52}},"loc":{"start":{"line":69,"column":61},"end":{"line":69,"column":75}}},"3":{"name":"(anonymous_3)","decl":{"start":{"line":71,"column":26},"end":{"line":71,"column":null}},"loc":{"start":{"line":75,"column":10},"end":{"line":79,"column":1}}},"4":{"name":"(anonymous_4)","decl":{"start":{"line":81,"column":26},"end":{"line":81,"column":null}},"loc":{"start":{"line":84,"column":17},"end":{"line":89,"column":1}}},"5":{"name":"(anonymous_5)","decl":{"start":{"line":85,"column":32},"end":{"line":85,"column":33}},"loc":{"start":{"line":85,"column":42},"end":{"line":85,"column":56}}},"6":{"name":"(anonymous_6)","decl":{"start":{"line":91,"column":26},"end":{"line":91,"column":27}},"loc":{"start":{"line":91,"column":50},"end":{"line":96,"column":1}}},"7":{"name":"(anonymous_7)","decl":{"start":{"line":92,"column":32},"end":{"line":92,"column":33}},"loc":{"start":{"line":92,"column":42},"end":{"line":92,"column":56}}},"8":{"name":"(anonymous_8)","decl":{"start":{"line":98,"column":31},"end":{"line":98,"column":32}},"loc":{"start":{"line":98,"column":58},"end":{"line":100,"column":1}}}},"branchMap":{"0":{"loc":{"start":{"line":86,"column":2},"end":{"line":86,"column":32}},"type":"if","locations":[{"start":{"line":86,"column":2},"end":{"line":86,"column":32}}]},"1":{"loc":{"start":{"line":93,"column":2},"end":{"line":93,"column":33}},"type":"if","locations":[{"start":{"line":93,"column":2},"end":{"line":93,"column":33}}]}},"s":{"0":1,"1":1,"2":1,"3":1,"4":1,"5":1,"6":1,"7":1,"8":1,"9":1,"10":1,"11":1,"12":1,"13":1,"14":1,"15":1,"16":1,"17":1,"18":0,"19":1,"20":1,"21":1,"22":1,"23":1,"24":1,"25":1,"26":0,"27":1,"28":1,"29":1,"30":1,"31":0,"32":1},"f":{"0":1,"1":1,"2":1,"3":1,"4":1,"5":1,"6":1,"7":1,"8":0},"b":{"0":[0],"1":[0]}}
}
